12:28:21.464 [main                     ] DEBUG Logger               - Configured Logger
12:28:21.496 [main                     ] DEBUG GameApplication      - Logging settings
Title: Geometry Wars
Version: 0.0
Width: 800
Height: 600
Fullscreen: false
Intro: false
Profiling: false
Single step:false
App Mode: DEVELOPER
Menu Key: ESCAPE
Stage Style: DECORATED
Scene Factory: class com.almasb.fxgl.app.scene.SceneFactory

12:28:22.038 [JavaFX Application Thread] DEBUG FXGLApplication      - Initializing FXGL
12:28:22.045 [JavaFX Application Thread] INFO  Engine               - FXGL-17.2 (20.08.2022 16.50) on WINDOWS (J:19.0.2 FX:18)
12:28:22.045 [JavaFX Application Thread] DEBUG Engine               - JRE Vendor Name: Oracle Corporation
12:28:22.045 [JavaFX Application Thread] DEBUG Engine               - Running on OS: Windows 10 version 10.0
12:28:22.046 [JavaFX Application Thread] DEBUG Engine               - Architecture: amd64
12:28:22.046 [JavaFX Application Thread] INFO  Engine               - Source code and latest versions at: https://github.com/AlmasB/FXGL
12:28:22.046 [JavaFX Application Thread] INFO  Engine               -       Ask questions and discuss at: https://github.com/AlmasB/FXGL/discussions
12:28:22.046 [JavaFX Application Thread] INFO  Engine               -              Join the FXGL chat at: https://gitter.im/AlmasB/FXGL
12:28:22.214 [JavaFX Application Thread] DEBUG PrimaryStageWindow   - Creating a JavaFX scene
12:28:22.297 [JavaFX Application Thread] DEBUG PrimaryStageWindow   - Target settings size: 800.0 x 600.0
12:28:22.297 [JavaFX Application Thread] DEBUG PrimaryStageWindow   - Scaled scene size:    800.0 x 600.0
12:28:22.297 [JavaFX Application Thread] DEBUG PrimaryStageWindow   - Scaled ratio: (1.0, 1.0)
12:28:22.299 [JavaFX Application Thread] DEBUG PrimaryStageWindow   - Set initial scene to FXGLStartupScene
12:28:22.311 [JavaFX Application Thread] DEBUG PrimaryStageWindow   - Opening main window
12:28:22.470 [JavaFX Application Thread] DEBUG PrimaryStageWindow   - Window border size: (14.4000244140625, 37.5999755859375)
12:28:22.471 [JavaFX Application Thread] DEBUG PrimaryStageWindow   - Scaled size: 800.0 x 600.0
12:28:22.471 [JavaFX Application Thread] DEBUG PrimaryStageWindow   - Scaled ratio: (1.0, 1.0)
12:28:22.472 [JavaFX Application Thread] DEBUG PrimaryStageWindow   - Scene size: 800.0 x 600.0
12:28:22.472 [JavaFX Application Thread] DEBUG PrimaryStageWindow   - Stage size: 814.4000244140625 x 637.5999755859375
12:28:22.484 [FXGL Background Thread 1 ] DEBUG Engine               - Initializing environment variables
12:28:22.583 [FXGL Background Thread 1 ] DEBUG FXGLAssetLoaderServi - User app class for loading assets: class fxgl.GeoWarsApp
12:28:22.584 [FXGL Background Thread 1 ] DEBUG GameApplicationServi - Applying CSS: fxgl_dark.css
12:28:22.586 [FXGL Background Thread 1 ] DEBUG FXGLAssetLoaderServi - Loading from file system: jar:file:/C:/Users/narro/.m2/repository/com/github/almasb/fxgl/17.2/fxgl-17.2.jar!/fxglassets/ui/css/fxgl_dark.css
12:28:22.670 [FXGL Background Thread 1 ] DEBUG GameApplicationServi - Initializing application scenes
12:28:22.748 [FXGL Background Thread 1 ] DEBUG GameWorld            - Game world initialized
12:28:22.844 [FXGL Background Thread 1 ] DEBUG PhysicsWorld         - Physics world initialized: appHeight=600, physics.ppm=50.0
12:28:22.844 [FXGL Background Thread 1 ] DEBUG PhysicsWorld         - Using strategy: BRUTE_FORCE
12:28:22.851 [FXGL Background Thread 1 ] DEBUG GameScene            - Game scene initialized: 800x600
12:28:22.870 [FXGL Background Thread 1 ] DEBUG FXGL.DefaultMenu     - createMenuBodyGameMenu()
12:28:22.892 [FXGL Background Thread 1 ] DEBUG FXGL.DefaultMenu     - createOptionsMenu()
12:28:22.905 [FXGL Background Thread 1 ] DEBUG FXGLAssetLoaderServi - Loading from file system: jar:file:/C:/Users/narro/.m2/repository/com/github/almasb/fxgl/17.2/fxgl-17.2.jar!/fxglassets/textures/particles/smoke.png
12:28:23.047 [FXGL Background Thread 1 ] DEBUG FXGLAssetLoaderServi - Loading from file system: jar:file:/C:/Users/narro/.m2/repository/com/github/almasb/fxgl/17.2/fxgl-17.2.jar!/fxglassets/textures/particles/trace_horizontal.png
12:28:23.084 [FXGL Background Thread 1 ] DEBUG GameApplicationServi - Application scenes initialized
12:28:23.107 [FXGL Background Thread 1 ] DEBUG SystemBundleService  - Loading default FXGL system data
12:28:23.107 [FXGL Background Thread 1 ] DEBUG UpdaterService       - Checking for updates
12:28:23.112 [FXGL Background Thread 4 ] DEBUG FXGLApplication      - Loading fonts
12:28:23.113 [FXGL Background Thread 1 ] DEBUG FXGLApplication      - Loading default localization
12:28:23.113 [FXGL Background Thread 4 ] DEBUG FXGLAssetLoaderServi - Loading from file system: jar:file:/C:/Users/narro/.m2/repository/com/github/almasb/fxgl/17.2/fxgl-17.2.jar!/fxglassets/ui/fonts/VarelaRound-Regular.ttf
12:28:23.114 [FXGL Background Thread 1 ] DEBUG FXGLAssetLoaderServi - Loading from file system: jar:file:/C:/Users/narro/.m2/repository/com/github/almasb/fxgl/17.2/fxgl-17.2.jar!/fxglassets/languages/english.lang
12:28:23.150 [FXGL Background Thread 1 ] INFO  FXGLApplication      - FXGL initialization took: 0.666 sec
12:28:23.168 [JavaFX Application Thread] DEBUG Input                - Registered new binding: action0 - W
12:28:23.168 [JavaFX Application Thread] DEBUG Input                - Registered new binding: action1 - S
12:28:23.169 [JavaFX Application Thread] DEBUG Input                - Registered new binding: action2 - A
12:28:23.169 [JavaFX Application Thread] DEBUG Input                - Registered new binding: action3 - D
12:28:23.173 [JavaFX Application Thread] DEBUG Input                - Registered new binding: action4 - LMB
12:28:23.174 [JavaFX Application Thread] DEBUG FXGLAssetLoaderServi - Loading from file system: jar:file:/C:/Users/narro/.m2/repository/com/github/almasb/fxgl/17.2/fxgl-17.2.jar!/fxglassets/textures/fxgl_icon.png
12:28:23.209 [JavaFX Application Thread] DEBUG FXGLAssetLoaderServi - Loading from file system: jar:file:/C:/Users/narro/.m2/repository/com/github/almasb/fxgl/17.2/fxgl-17.2.jar!/fxglassets/textures/fxgl_default_cursor.png
12:28:23.217 [JavaFX Application Thread] DEBUG Input                - Registered new binding: Screenshot - CTRL+8
12:28:23.218 [JavaFX Application Thread] DEBUG Input                - Registered new binding: System info dump - CTRL+9
12:28:23.218 [JavaFX Application Thread] DEBUG Input                - Registered new binding: Restart - CTRL+R
12:28:23.220 [JavaFX Application Thread] DEBUG Input                - Registered new binding: Toggle Debug Camera - CTRL+7
12:28:23.223 [JavaFX Application Thread] DEBUG LoopRunner           - Starting loop
12:28:23.223 [JavaFX Application Thread] DEBUG LoopRunner           - Initializing JavaFX AnimationTimerLoop
12:28:23.226 [JavaFX Application Thread] DEBUG GameApplicationServi - Starting new game
12:28:23.226 [JavaFX Application Thread] DEBUG Input                - Clearing active input actions
12:28:23.243 [JavaFX Application Thread] DEBUG GameApplicationServi - Removing overlay from FXGLStartupScene and adding to FXGLLoadingScene
12:28:23.243 [JavaFX Application Thread] DEBUG PrimaryStageWindow   - FXGLStartupScene -> FXGLLoadingScene
12:28:23.244 [JavaFX Application Thread] DEBUG GameApplicationServi - Clearing previous game
12:28:23.244 [JavaFX Application Thread] DEBUG GameScene            - Clearing game scene
12:28:23.244 [JavaFX Application Thread] DEBUG GameWorld            - Clearing game world
12:28:23.244 [JavaFX Application Thread] DEBUG PhysicsWorld         - Clearing physics world
12:28:23.246 [FXGL Background Thread 1 ] DEBUG FXGLApplication      - Initializing game
12:28:23.254 [FXGL Background Thread 4 ] DEBUG FXGLAssetLoaderServi - Loading from file system: jar:file:/C:/Users/narro/.m2/repository/com/github/almasb/fxgl/17.2/fxgl-17.2.jar!/fxglassets/ui/fonts/Abel-Regular.ttf
12:28:23.270 [FXGL Background Thread 4 ] DEBUG FXGLAssetLoaderServi - Loading from file system: jar:file:/C:/Users/narro/.m2/repository/com/github/almasb/fxgl/17.2/fxgl-17.2.jar!/fxglassets/ui/fonts/TerminalLandMono-Regular.otf
12:28:23.285 [FXGL Background Thread 1 ] INFO  FXGLApplication      - Game initialization took: 0.039 sec
12:28:23.286 [FXGL Background Thread 4 ] DEBUG FXGLAssetLoaderServi - Loading from file system: jar:file:/C:/Users/narro/.m2/repository/com/github/almasb/fxgl/17.2/fxgl-17.2.jar!/fxglassets/ui/fonts/Courier-Prime.ttf
12:28:23.321 [JavaFX Application Thread] DEBUG Input                - Clearing active input actions
12:28:23.328 [JavaFX Application Thread] DEBUG GameApplicationServi - Removing overlay from FXGLLoadingScene and adding to GameScene
12:28:23.328 [JavaFX Application Thread] DEBUG PrimaryStageWindow   - FXGLLoadingScene -> GameScene
12:28:23.329 [JavaFX Application Thread] DEBUG FXGLApplication      - Registering font factories with UI factory
12:28:24.337 [JavaFX Application Thread] DEBUG LoopRunner           - Stopping loop
12:28:24.341 [JavaFX Application Thread] FATAL FXGLApplication      - Uncaught Exception:
java.lang.IllegalArgumentException: No EntityFactory has a method annotated @Spawns(enemy)
	at com.almasb.fxgl.entity.GameWorld.create(GameWorld.kt:413)
	at com.almasb.fxgl.entity.GameWorld.spawn(GameWorld.kt:396)
	at com.almasb.fxgl.entity.GameWorld.spawn(GameWorld.kt:384)
	at com.almasb.fxgl.entity.GameWorld.spawn(GameWorld.kt:359)
	at com.almasb.fxgl.dsl.FXGL$Companion.spawn(FXGL.kt:555)
	at com.almasb.fxgl.dsl.FXGL.spawn(FXGL.kt)
	at fxgl.GeoWarsApp.lambda$5(GeoWarsApp.java:56)
	at com.almasb.fxgl.time.TimerAction.update(TimerAction.kt:69)
	at com.almasb.fxgl.time.Timer.update(Timer.kt:38)
	at com.almasb.fxgl.scene.Scene.update(Scene.kt:104)
	at com.almasb.fxgl.app.MainWindow$update$1.invoke(MainWindow.kt:115)
	at com.almasb.fxgl.app.MainWindow$update$1.invoke(MainWindow.kt:115)
	at com.almasb.fxgl.core.fsm.StateMachine.runOnActiveStates(StateMachine.kt:69)
	at com.almasb.fxgl.app.MainWindow.update(MainWindow.kt:115)
	at com.almasb.fxgl.app.FXGLApplication$GameApplicationService.onUpdate(FXGLApplication.kt:426)
	at com.almasb.fxgl.app.Engine.loop(Engine.kt:134)
	at com.almasb.fxgl.app.Engine.access$loop(Engine.kt:24)
	at com.almasb.fxgl.app.Engine$loop$1.invoke(Engine.kt:28)
	at com.almasb.fxgl.app.Engine$loop$1.invoke(Engine.kt:28)
	at com.almasb.fxgl.app.LoopRunner.frame(LoopRunner.kt:103)
	at com.almasb.fxgl.app.LoopRunner.access$frame(LoopRunner.kt:23)
	at com.almasb.fxgl.app.LoopRunner$impl$2$1.onTick(LoopRunner.kt:57)
	at com.almasb.fxgl.app.AnimationTimerLoop$timer$1.handle(LoopRunner.kt:137)
	at javafx.animation.AnimationTimer$AnimationTimerReceiver.lambda$handle$0(AnimationTimer.java:58)
	at java.base/java.security.AccessController.doPrivileged(AccessController.java:399)
	at javafx.animation.AnimationTimer$AnimationTimerReceiver.handle(AnimationTimer.java:57)
	at com.sun.scenario.animation.AbstractPrimaryTimer.timePulseImpl(AbstractPrimaryTimer.java:356)
	at com.sun.scenario.animation.AbstractPrimaryTimer$MainLoop.run(AbstractPrimaryTimer.java:266)
	at com.sun.javafx.tk.quantum.QuantumToolkit.pulse(QuantumToolkit.java:571)
	at com.sun.javafx.tk.quantum.QuantumToolkit.pulse(QuantumToolkit.java:555)
	at com.sun.javafx.tk.quantum.QuantumToolkit.pulseFromQueue(QuantumToolkit.java:548)
	at com.sun.javafx.tk.quantum.QuantumToolkit.lambda$runToolkit$11(QuantumToolkit.java:352)
	at com.sun.glass.ui.InvokeLaterDispatcher$Future.run(InvokeLaterDispatcher.java:96)
	at com.sun.glass.ui.win.WinApplication._runLoop(Native Method)
	at com.sun.glass.ui.win.WinApplication.lambda$runLoop$3(WinApplication.java:184)
	at java.base/java.lang.Thread.run(Thread.java:1589)

12:28:24.342 [JavaFX Application Thread] FATAL FXGLApplication      - Application will now exit
12:28:24.408 [JavaFX Application Thread] DEBUG PrimaryStageWindow   - Push state: ErrorSubScene
12:28:24.409 [JavaFX Application Thread] DEBUG Input                - Clearing active input actions
12:28:24.433 [JavaFX Application Thread] DEBUG GameApplicationServi - Removing overlay from GameScene and adding to ErrorSubScene
12:28:24.435 [JavaFX Application Thread] DEBUG PrimaryStageWindow   - GameScene -> ErrorSubScene
12:28:26.111 [FXGL Background Thread 3 ] DEBUG Engine               - Logging environment variables
12:28:26.113 [FXGL Background Thread 3 ] DEBUG Engine               - achievements: []
12:28:26.114 [FXGL Background Thread 3 ] DEBUG Engine               - actualHeight: 600.0
12:28:26.114 [FXGL Background Thread 3 ] DEBUG Engine               - actualHeightProperty: ReadOnlyDoubleProperty [value: 600.0]
12:28:26.114 [FXGL Background Thread 3 ] DEBUG Engine               - actualWidth: 800.0
12:28:26.115 [FXGL Background Thread 3 ] DEBUG Engine               - actualWidthProperty: ReadOnlyDoubleProperty [value: 800.0]
12:28:26.115 [FXGL Background Thread 3 ] DEBUG Engine               - appIcon: fxgl_icon.png
12:28:26.115 [FXGL Background Thread 3 ] DEBUG Engine               - applicationMode: DEVELOPER
12:28:26.115 [FXGL Background Thread 3 ] DEBUG Engine               - cSSList: [fxgl_dark.css]
12:28:26.115 [FXGL Background Thread 3 ] DEBUG Engine               - collisionDetectionStrategy: BRUTE_FORCE
12:28:26.116 [FXGL Background Thread 3 ] DEBUG Engine               - configClass: Optional.empty
12:28:26.116 [FXGL Background Thread 3 ] DEBUG Engine               - credits: []
12:28:26.117 [FXGL Background Thread 3 ] DEBUG Engine               - defaultCursor: CursorInfo(imageName=fxgl_default_cursor.png, hotspotX=7.0, hotspotY=6.0)
12:28:26.117 [FXGL Background Thread 3 ] DEBUG Engine               - devBBoxColorProperty: ObjectProperty [value: 0xff0000ff]
12:28:26.118 [FXGL Background Thread 3 ] DEBUG Engine               - devEnableDebugCameraProperty: BooleanProperty [value: false]
12:28:26.118 [FXGL Background Thread 3 ] DEBUG Engine               - devSensorColorProperty: ObjectProperty [value: 0xffff00ff]
12:28:26.118 [FXGL Background Thread 3 ] DEBUG Engine               - devShowBBoxProperty: BooleanProperty [value: false]
12:28:26.119 [FXGL Background Thread 3 ] DEBUG Engine               - devShowPositionProperty: BooleanProperty [value: false]
12:28:26.119 [FXGL Background Thread 3 ] DEBUG Engine               - enabledMenuItems: []
12:28:26.119 [FXGL Background Thread 3 ] DEBUG Engine               - engineServices: [class com.almasb.fxgl.app.services.FXGLAssetLoaderService, class com.almasb.fxgl.app.FXGLApplication$GameApplicationService, class com.almasb.fxgl.app.services.FXGLDialogService, class com.almasb.fxgl.app.services.IOTaskExecutorService, class com.almasb.fxgl.io.FileSystemService, class com.almasb.fxgl.localization.LocalizationService, class com.almasb.fxgl.app.services.SystemBundleService, class com.almasb.fxgl.profile.SaveLoadService, class com.almasb.fxgl.ui.FXGLUIFactoryServiceProvider, class com.almasb.fxgl.ui.FXGLDialogFactoryServiceProvider, class com.almasb.fxgl.audio.AudioPlayer, class com.almasb.fxgl.notification.impl.NotificationServiceProvider, class com.almasb.fxgl.achievement.AchievementService, class com.almasb.fxgl.cutscene.CutsceneService, class com.almasb.fxgl.minigames.MiniGameService, class com.almasb.fxgl.net.NetService, class com.almasb.fxgl.app.services.UpdaterService, class com.almasb.fxgl.dev.DevService]
12:28:26.119 [FXGL Background Thread 3 ] DEBUG Engine               - fontGame: Abel-Regular.ttf
12:28:26.119 [FXGL Background Thread 3 ] DEBUG Engine               - fontMono: TerminalLandMono-Regular.otf
12:28:26.120 [FXGL Background Thread 3 ] DEBUG Engine               - fontText: Courier-Prime.ttf
12:28:26.120 [FXGL Background Thread 3 ] DEBUG Engine               - fontUI: VarelaRound-Regular.ttf
12:28:26.120 [FXGL Background Thread 3 ] DEBUG Engine               - fullScreen: BooleanProperty [value: false]
12:28:26.120 [FXGL Background Thread 3 ] DEBUG Engine               - gameDifficulty: MEDIUM
12:28:26.120 [FXGL Background Thread 3 ] DEBUG Engine               - gameDifficultyProperty: ObjectProperty [value: MEDIUM]
12:28:26.121 [FXGL Background Thread 3 ] DEBUG Engine               - globalMusicVolume: 0.5
12:28:26.121 [FXGL Background Thread 3 ] DEBUG Engine               - globalMusicVolumeProperty: DoubleProperty [value: 0.5]
12:28:26.121 [FXGL Background Thread 3 ] DEBUG Engine               - globalSoundVolume: 0.5
12:28:26.121 [FXGL Background Thread 3 ] DEBUG Engine               - globalSoundVolumeProperty: DoubleProperty [value: 0.5]
12:28:26.122 [FXGL Background Thread 3 ] DEBUG Engine               - height: 600
12:28:26.122 [FXGL Background Thread 3 ] DEBUG Engine               - is3D: false
12:28:26.122 [FXGL Background Thread 3 ] DEBUG Engine               - isAndroid: false
12:28:26.122 [FXGL Background Thread 3 ] DEBUG Engine               - isBrowser: false
12:28:26.122 [FXGL Background Thread 3 ] DEBUG Engine               - isClickFeedbackEnabled: false
12:28:26.122 [FXGL Background Thread 3 ] DEBUG Engine               - isCloseConfirmation: false
12:28:26.123 [FXGL Background Thread 3 ] DEBUG Engine               - isDesktop: true
12:28:26.123 [FXGL Background Thread 3 ] DEBUG Engine               - isDeveloperMenuEnabled: false
12:28:26.123 [FXGL Background Thread 3 ] DEBUG Engine               - isEmbedded: false
12:28:26.123 [FXGL Background Thread 3 ] DEBUG Engine               - isEntityPreloadEnabled: true
12:28:26.123 [FXGL Background Thread 3 ] DEBUG Engine               - isExperimentalTiledLargeMap: false
12:28:26.124 [FXGL Background Thread 3 ] DEBUG Engine               - isFileSystemWriteAllowed: true
12:28:26.124 [FXGL Background Thread 3 ] DEBUG Engine               - isFullScreenAllowed: false
12:28:26.124 [FXGL Background Thread 3 ] DEBUG Engine               - isFullScreenFromStart: false
12:28:26.124 [FXGL Background Thread 3 ] DEBUG Engine               - isGameMenuEnabled: true
12:28:26.124 [FXGL Background Thread 3 ] DEBUG Engine               - isIOS: false
12:28:26.125 [FXGL Background Thread 3 ] DEBUG Engine               - isIntroEnabled: false
12:28:26.125 [FXGL Background Thread 3 ] DEBUG Engine               - isLinux: false
12:28:26.125 [FXGL Background Thread 3 ] DEBUG Engine               - isMac: false
12:28:26.125 [FXGL Background Thread 3 ] DEBUG Engine               - isMainMenuEnabled: false
12:28:26.126 [FXGL Background Thread 3 ] DEBUG Engine               - isManualResizeEnabled: false
12:28:26.126 [FXGL Background Thread 3 ] DEBUG Engine               - isMobile: false
12:28:26.126 [FXGL Background Thread 3 ] DEBUG Engine               - isNative: false
12:28:26.126 [FXGL Background Thread 3 ] DEBUG Engine               - isPauseMusicWhenMinimized: true
12:28:26.126 [FXGL Background Thread 3 ] DEBUG Engine               - isPreserveResizeRatio: false
12:28:26.127 [FXGL Background Thread 3 ] DEBUG Engine               - isProfilingEnabled: false
12:28:26.127 [FXGL Background Thread 3 ] DEBUG Engine               - isScaleAffectedOnResize: true
12:28:26.127 [FXGL Background Thread 3 ] DEBUG Engine               - isSingleStep: false
12:28:26.127 [FXGL Background Thread 3 ] DEBUG Engine               - isUserProfileEnabled: false
12:28:26.127 [FXGL Background Thread 3 ] DEBUG Engine               - isWindows: true
12:28:26.127 [FXGL Background Thread 3 ] DEBUG Engine               - language: ObjectProperty [value: ENGLISH]
12:28:26.128 [FXGL Background Thread 3 ] DEBUG Engine               - menuKey: ESCAPE
12:28:26.128 [FXGL Background Thread 3 ] DEBUG Engine               - mouseSensitivity: 0.2
12:28:26.128 [FXGL Background Thread 3 ] DEBUG Engine               - notificationViewClass: class com.almasb.fxgl.notification.view.XboxNotificationView
12:28:26.128 [FXGL Background Thread 3 ] DEBUG Engine               - pixelsPerMeter: 50.0
12:28:26.128 [FXGL Background Thread 3 ] DEBUG Engine               - platform: WINDOWS
12:28:26.129 [FXGL Background Thread 3 ] DEBUG Engine               - prefHeightProperty: ReadOnlyDoubleProperty [value: 600.0]
12:28:26.129 [FXGL Background Thread 3 ] DEBUG Engine               - prefWidthProperty: ReadOnlyDoubleProperty [value: 800.0]
12:28:26.129 [FXGL Background Thread 3 ] DEBUG Engine               - profileDir: profiles/
12:28:26.129 [FXGL Background Thread 3 ] DEBUG Engine               - profileName: StringProperty [value: DEFAULT]
12:28:26.129 [FXGL Background Thread 3 ] DEBUG Engine               - randomSeed: -1
12:28:26.130 [FXGL Background Thread 3 ] DEBUG Engine               - runtimeInfo: RuntimeInfo(platform=WINDOWS, version=17.2, build=20.08.2022 16.50)
12:28:26.130 [FXGL Background Thread 3 ] DEBUG Engine               - saveFileExt: sav
12:28:26.131 [FXGL Background Thread 3 ] DEBUG Engine               - scaledHeightProp$fxgl: DoubleProperty [bound, value: 600.0]
12:28:26.131 [FXGL Background Thread 3 ] DEBUG Engine               - scaledWidthProp$fxgl: DoubleProperty [bound, value: 800.0]
12:28:26.131 [FXGL Background Thread 3 ] DEBUG Engine               - sceneFactory: com.almasb.fxgl.app.scene.SceneFactory@3d90d633
12:28:26.131 [FXGL Background Thread 3 ] DEBUG Engine               - secondsIn24h: 60
12:28:26.131 [FXGL Background Thread 3 ] DEBUG Engine               - soundMenuBack: menu/back.wav
12:28:26.132 [FXGL Background Thread 3 ] DEBUG Engine               - soundMenuPress: menu/press.wav
12:28:26.132 [FXGL Background Thread 3 ] DEBUG Engine               - soundMenuSelect: menu/select.wav
12:28:26.132 [FXGL Background Thread 3 ] DEBUG Engine               - soundNotification: core/notification.wav
12:28:26.132 [FXGL Background Thread 3 ] DEBUG Engine               - stageStyle: DECORATED
12:28:26.132 [FXGL Background Thread 3 ] DEBUG Engine               - supportedLanguages: [ENGLISH, FRENCH, GERMAN, HUNGARIAN, RUSSIAN]
12:28:26.132 [FXGL Background Thread 3 ] DEBUG Engine               - ticksPerSecond: -1
12:28:26.133 [FXGL Background Thread 3 ] DEBUG Engine               - title: Geometry Wars
12:28:26.133 [FXGL Background Thread 3 ] DEBUG Engine               - urlGithub: https://github.com/AlmasB/FXGL
12:28:26.133 [FXGL Background Thread 3 ] DEBUG Engine               - urlLeaderboard: http://fxgl-top.herokuapp.com/
12:28:26.133 [FXGL Background Thread 3 ] DEBUG Engine               - urlPOM: https://raw.githubusercontent.com/AlmasB/FXGL/release/README.md
12:28:26.133 [FXGL Background Thread 3 ] DEBUG Engine               - userAppClass: class fxgl.GeoWarsApp
12:28:26.133 [FXGL Background Thread 3 ] DEBUG Engine               - version: 0.0
12:28:26.134 [FXGL Background Thread 3 ] DEBUG Engine               - versionCheckDays: 7
12:28:26.134 [FXGL Background Thread 3 ] DEBUG Engine               - width: 800
12:28:26.134 [FXGL Background Thread 3 ] DEBUG Engine               - Logging services
12:28:26.134 [FXGL Background Thread 3 ] DEBUG Engine               - class com.almasb.fxgl.app.services.FXGLAssetLoaderService
12:28:26.134 [FXGL Background Thread 3 ] DEBUG Engine               - class com.almasb.fxgl.app.FXGLApplication$GameApplicationService
12:28:26.134 [FXGL Background Thread 3 ] DEBUG Engine               - class com.almasb.fxgl.app.services.FXGLDialogService
12:28:26.135 [FXGL Background Thread 3 ] DEBUG Engine               - class com.almasb.fxgl.app.services.IOTaskExecutorService
12:28:26.135 [FXGL Background Thread 3 ] DEBUG Engine               - class com.almasb.fxgl.io.FileSystemService
12:28:26.135 [FXGL Background Thread 3 ] DEBUG Engine               - class com.almasb.fxgl.localization.LocalizationService
12:28:26.135 [FXGL Background Thread 3 ] DEBUG Engine               - class com.almasb.fxgl.app.services.SystemBundleService
12:28:26.135 [FXGL Background Thread 3 ] DEBUG Engine               - class com.almasb.fxgl.profile.SaveLoadService
12:28:26.135 [FXGL Background Thread 3 ] DEBUG Engine               - class com.almasb.fxgl.ui.FXGLUIFactoryServiceProvider
12:28:26.135 [FXGL Background Thread 3 ] DEBUG Engine               - class com.almasb.fxgl.ui.FXGLDialogFactoryServiceProvider
12:28:26.136 [FXGL Background Thread 3 ] DEBUG Engine               - class com.almasb.fxgl.audio.AudioPlayer
12:28:26.136 [FXGL Background Thread 3 ] DEBUG Engine               - class com.almasb.fxgl.notification.impl.NotificationServiceProvider
12:28:26.136 [FXGL Background Thread 3 ] DEBUG Engine               - class com.almasb.fxgl.achievement.AchievementService
12:28:26.136 [FXGL Background Thread 3 ] DEBUG Engine               - class com.almasb.fxgl.cutscene.CutsceneService
12:28:26.136 [FXGL Background Thread 3 ] DEBUG Engine               - class com.almasb.fxgl.minigames.MiniGameService
12:28:26.136 [FXGL Background Thread 3 ] DEBUG Engine               - class com.almasb.fxgl.net.NetService
12:28:26.136 [FXGL Background Thread 3 ] DEBUG Engine               - class com.almasb.fxgl.app.services.UpdaterService
12:28:26.136 [FXGL Background Thread 3 ] DEBUG Engine               - class com.almasb.fxgl.dev.DevService
12:28:30.880 [JavaFX Application Thread] DEBUG FXGLApplication      - Exiting FXGL
12:28:30.880 [JavaFX Application Thread] DEBUG Async                - Shutting down background threads
12:28:30.881 [JavaFX Application Thread] DEBUG PrimaryStageWindow   - Closing main window
12:28:30.919 [JavaFX Application Thread] DEBUG Logger               - Closing Logger
