14:12:01.972 [main                     ] DEBUG Logger               - Configured Logger
14:12:02.016 [main                     ] DEBUG GameApplication      - Logging settings
Title: Drop
Version: 1.0
Width: 480
Height: 800
Fullscreen: false
Intro: false
Profiling: false
Single step:false
App Mode: DEVELOPER
Menu Key: ESCAPE
Stage Style: DECORATED
Scene Factory: class com.almasb.fxgl.app.scene.SceneFactory

14:12:02.649 [JavaFX Application Thread] DEBUG FXGLApplication      - Initializing FXGL
14:12:02.661 [JavaFX Application Thread] INFO  Engine               - FXGL-17.2 (20.08.2022 16.50) on WINDOWS (J:19.0.2 FX:18)
14:12:02.662 [JavaFX Application Thread] DEBUG Engine               - JRE Vendor Name: Oracle Corporation
14:12:02.663 [JavaFX Application Thread] DEBUG Engine               - Running on OS: Windows 10 version 10.0
14:12:02.663 [JavaFX Application Thread] DEBUG Engine               - Architecture: amd64
14:12:02.664 [JavaFX Application Thread] INFO  Engine               - Source code and latest versions at: https://github.com/AlmasB/FXGL
14:12:02.664 [JavaFX Application Thread] INFO  Engine               -       Ask questions and discuss at: https://github.com/AlmasB/FXGL/discussions
14:12:02.664 [JavaFX Application Thread] INFO  Engine               -              Join the FXGL chat at: https://gitter.im/AlmasB/FXGL
14:12:02.855 [JavaFX Application Thread] DEBUG PrimaryStageWindow   - Creating a JavaFX scene
14:12:02.924 [JavaFX Application Thread] DEBUG PrimaryStageWindow   - Target settings size: 480.0 x 800.0
14:12:02.924 [JavaFX Application Thread] DEBUG PrimaryStageWindow   - Scaled scene size:    480.0 x 800.0
14:12:02.924 [JavaFX Application Thread] DEBUG PrimaryStageWindow   - Scaled ratio: (1.0, 1.0)
14:12:02.926 [JavaFX Application Thread] DEBUG PrimaryStageWindow   - Set initial scene to FXGLStartupScene
14:12:02.937 [JavaFX Application Thread] DEBUG PrimaryStageWindow   - Opening main window
14:12:03.065 [JavaFX Application Thread] DEBUG PrimaryStageWindow   - Window border size: (14.399993896484375, 37.5999755859375)
14:12:03.066 [JavaFX Application Thread] DEBUG PrimaryStageWindow   - Scaled size: 480.0 x 800.0
14:12:03.066 [JavaFX Application Thread] DEBUG PrimaryStageWindow   - Scaled ratio: (1.0, 1.0)
14:12:03.067 [JavaFX Application Thread] DEBUG PrimaryStageWindow   - Scene size: 480.0 x 800.0
14:12:03.067 [JavaFX Application Thread] DEBUG PrimaryStageWindow   - Stage size: 494.3999938964844 x 837.5999755859375
14:12:03.081 [FXGL Background Thread 1 ] DEBUG Engine               - Initializing environment variables
14:12:03.179 [FXGL Background Thread 1 ] DEBUG FXGLAssetLoaderServi - User app class for loading assets: class fxgl.Drop
14:12:03.180 [FXGL Background Thread 1 ] DEBUG GameApplicationServi - Applying CSS: fxgl_dark.css
14:12:03.181 [FXGL Background Thread 1 ] DEBUG FXGLAssetLoaderServi - Loading from file system: jar:file:/C:/Users/narro/.m2/repository/com/github/almasb/fxgl/17.2/fxgl-17.2.jar!/fxglassets/ui/css/fxgl_dark.css
14:12:03.255 [FXGL Background Thread 1 ] DEBUG GameApplicationServi - Initializing application scenes
14:12:03.320 [FXGL Background Thread 1 ] DEBUG GameWorld            - Game world initialized
14:12:03.410 [FXGL Background Thread 1 ] DEBUG PhysicsWorld         - Physics world initialized: appHeight=800, physics.ppm=50.0
14:12:03.410 [FXGL Background Thread 1 ] DEBUG PhysicsWorld         - Using strategy: BRUTE_FORCE
14:12:03.418 [FXGL Background Thread 1 ] DEBUG GameScene            - Game scene initialized: 480x800
14:12:03.437 [FXGL Background Thread 1 ] WARN  FXGL.DefaultMenu     - FXGLDefaultMenu is not designed for resolutions < 800x600
14:12:03.437 [FXGL Background Thread 1 ] DEBUG FXGL.DefaultMenu     - createMenuBodyGameMenu()
14:12:03.457 [FXGL Background Thread 1 ] DEBUG FXGL.DefaultMenu     - createOptionsMenu()
14:12:03.470 [FXGL Background Thread 1 ] DEBUG FXGLAssetLoaderServi - Loading from file system: jar:file:/C:/Users/narro/.m2/repository/com/github/almasb/fxgl/17.2/fxgl-17.2.jar!/fxglassets/textures/particles/smoke.png
14:12:03.592 [FXGL Background Thread 1 ] DEBUG FXGLAssetLoaderServi - Loading from file system: jar:file:/C:/Users/narro/.m2/repository/com/github/almasb/fxgl/17.2/fxgl-17.2.jar!/fxglassets/textures/particles/trace_horizontal.png
14:12:03.622 [FXGL Background Thread 1 ] DEBUG GameApplicationServi - Application scenes initialized
14:12:03.636 [FXGL Background Thread 1 ] DEBUG SystemBundleService  - Loading FXGL system data
14:12:03.641 [FXGL Background Thread 1 ] DEBUG FileSystemAccess     - Reading from: C:\Users\narro\git\mavenTest\fxgl\system\fxgl.bundle
14:12:03.651 [FXGL Background Thread 1 ] DEBUG SystemBundleService  - Bundle FXGL: {}
14:12:03.651 [FXGL Background Thread 1 ] DEBUG UpdaterService       - Checking for updates
14:12:03.655 [FXGL Background Thread 4 ] DEBUG FXGLApplication      - Loading fonts
14:12:03.656 [FXGL Background Thread 4 ] DEBUG FXGLAssetLoaderServi - Loading from file system: jar:file:/C:/Users/narro/.m2/repository/com/github/almasb/fxgl/17.2/fxgl-17.2.jar!/fxglassets/ui/fonts/VarelaRound-Regular.ttf
14:12:03.656 [FXGL Background Thread 1 ] DEBUG FXGLApplication      - Loading default localization
14:12:03.656 [FXGL Background Thread 1 ] DEBUG FXGLAssetLoaderServi - Loading from file system: jar:file:/C:/Users/narro/.m2/repository/com/github/almasb/fxgl/17.2/fxgl-17.2.jar!/fxglassets/languages/english.lang
14:12:03.692 [FXGL Background Thread 1 ] INFO  FXGLApplication      - FXGL initialization took: 0.611 sec
14:12:03.694 [JavaFX Application Thread] DEBUG FXGLAssetLoaderServi - Loading from file system: jar:file:/C:/Users/narro/.m2/repository/com/github/almasb/fxgl/17.2/fxgl-17.2.jar!/fxglassets/textures/fxgl_icon.png
14:12:03.722 [JavaFX Application Thread] DEBUG FXGLAssetLoaderServi - Loading from file system: jar:file:/C:/Users/narro/.m2/repository/com/github/almasb/fxgl/17.2/fxgl-17.2.jar!/fxglassets/textures/fxgl_default_cursor.png
14:12:03.741 [JavaFX Application Thread] DEBUG Input                - Registered new binding: Screenshot - CTRL+8
14:12:03.742 [JavaFX Application Thread] DEBUG Input                - Registered new binding: System info dump - CTRL+9
14:12:03.742 [JavaFX Application Thread] DEBUG Input                - Registered new binding: Restart - CTRL+R
14:12:03.743 [JavaFX Application Thread] DEBUG Input                - Registered new binding: Toggle Debug Camera - CTRL+7
14:12:03.747 [JavaFX Application Thread] DEBUG LoopRunner           - Starting loop
14:12:03.747 [JavaFX Application Thread] DEBUG LoopRunner           - Initializing JavaFX AnimationTimerLoop
14:12:03.749 [JavaFX Application Thread] DEBUG GameApplicationServi - Starting new game
14:12:03.750 [JavaFX Application Thread] DEBUG Input                - Clearing active input actions
14:12:03.757 [FXGL Background Thread 4 ] DEBUG FXGLAssetLoaderServi - Loading from file system: jar:file:/C:/Users/narro/.m2/repository/com/github/almasb/fxgl/17.2/fxgl-17.2.jar!/fxglassets/ui/fonts/Abel-Regular.ttf
14:12:03.765 [FXGL Background Thread 4 ] DEBUG FXGLAssetLoaderServi - Loading from file system: jar:file:/C:/Users/narro/.m2/repository/com/github/almasb/fxgl/17.2/fxgl-17.2.jar!/fxglassets/ui/fonts/TerminalLandMono-Regular.otf
14:12:03.769 [JavaFX Application Thread] DEBUG GameApplicationServi - Removing overlay from FXGLStartupScene and adding to FXGLLoadingScene
14:12:03.770 [JavaFX Application Thread] DEBUG PrimaryStageWindow   - FXGLStartupScene -> FXGLLoadingScene
14:12:03.770 [JavaFX Application Thread] DEBUG GameApplicationServi - Clearing previous game
14:12:03.770 [JavaFX Application Thread] DEBUG GameScene            - Clearing game scene
14:12:03.770 [JavaFX Application Thread] DEBUG GameWorld            - Clearing game world
14:12:03.770 [JavaFX Application Thread] DEBUG PhysicsWorld         - Clearing physics world
14:12:03.771 [FXGL Background Thread 4 ] DEBUG FXGLAssetLoaderServi - Loading from file system: jar:file:/C:/Users/narro/.m2/repository/com/github/almasb/fxgl/17.2/fxgl-17.2.jar!/fxglassets/ui/fonts/Courier-Prime.ttf
14:12:03.776 [FXGL Background Thread 1 ] DEBUG FXGLApplication      - Initializing game
14:12:03.779 [FXGL Background Thread 1 ] WARN  FXGLAssetLoaderServi - Asset "/assets/textures/bucket.png" was not found!
14:12:03.780 [FXGL Background Thread 1 ] WARN  FXGLAssetLoaderServi - Failed to load IMAGE
14:12:03.826 [JavaFX Application Thread] DEBUG FXGLApplication      - Registering font factories with UI factory
14:12:03.970 [FXGL Background Thread 1 ] WARN  FXGLAssetLoaderServi - Asset "/assets/music/bgm.mp3" was not found!
14:12:03.971 [FXGL Background Thread 1 ] WARN  FXGLAssetLoaderServi - Failed to load MUSIC
14:12:03.973 [FXGL Background Thread 1 ] DEBUG AudioPlayer          - Playing music com.almasb.fxgl.audio.Music@59bcde2b
14:12:03.976 [FXGL Background Thread 1 ] INFO  FXGLApplication      - Game initialization took: 0.200 sec
14:12:04.008 [JavaFX Application Thread] DEBUG Input                - Clearing active input actions
14:12:04.022 [JavaFX Application Thread] DEBUG GameApplicationServi - Removing overlay from FXGLLoadingScene and adding to GameScene
14:12:04.023 [JavaFX Application Thread] DEBUG PrimaryStageWindow   - FXGLLoadingScene -> GameScene
14:12:04.996 [JavaFX Application Thread] DEBUG FXGLApplication      - Exiting FXGL
14:12:04.996 [JavaFX Application Thread] DEBUG LoopRunner           - Stopping loop
14:12:04.997 [JavaFX Application Thread] DEBUG SystemBundleService  - Saving FXGL system data
14:12:05.004 [JavaFX Application Thread] DEBUG FileSystemAccess     - Writing to: C:\Users\narro\git\mavenTest\fxgl\system\fxgl.bundle
14:12:05.014 [JavaFX Application Thread] DEBUG Async                - Shutting down background threads
14:12:05.015 [JavaFX Application Thread] DEBUG PrimaryStageWindow   - Closing main window
14:12:05.061 [JavaFX Application Thread] DEBUG Logger               - Closing Logger
